------------------------------------------------------------------------------------------------------------------------

[2020-04-20 14:03:23 #1 store] 
Database '/opt/dades/alex/workspace_java/201920-UF6-Pe1-Solucio/db/sucursals.odb' is opened by 14294@pc-casa

[2020-04-20 14:03:23 #2 store] 
Configuration path: ?

[2020-04-20 14:04:43 #3 store] 
Database '/opt/dades/alex/workspace_java/201920-UF6-Pe1-Solucio/db/sucursals.odb' is closed by 14294@pc-casa

------------------------------------------------------------------------------------------------------------------------

[2020-04-20 14:05:28 #1 store] 
Database '/opt/dades/alex/workspace_java/201920-UF6-Pe1-Solucio/db/sucursals.odb' is opened by 14370@pc-casa

[2020-04-20 14:05:28 #2 store] 
Configuration path: ?

[2020-04-20 14:05:31 #3 store] 
Database '/opt/dades/alex/workspace_java/201920-UF6-Pe1-Solucio/db/sucursals.odb' is closed by 14370@pc-casa

[2020-04-20 14:05:49 #4 store] 
Database '/opt/dades/alex/workspace_java/201920-UF6-Pe1-Solucio/db/sucursals.odb' is opened by 14370@pc-casa

[2020-04-20 14:05:49 #5 store] 
Configuration path: ?

[2020-04-20 14:06:00 #6 store] 
Database '/opt/dades/alex/workspace_java/201920-UF6-Pe1-Solucio/db/sucursals.odb' is closed by 14370@pc-casa

[2020-04-20 14:06:17 #7 store] 
Database '/opt/dades/alex/workspace_java/201920-UF6-Pe1-Solucio/db/sucursals_backup.odb' is opened by 14370@pc-casa

[2020-04-20 14:06:17 #8 store] 
Configuration path: ?

[2020-04-20 14:06:33 #9 store] 
Database '/opt/dades/alex/workspace_java/201920-UF6-Pe1-Solucio/db/sucursals_backup.odb' is closed by 14370@pc-casa

[2020-04-20 14:06:33 #10 store] 
Database '/opt/dades/alex/workspace_java/201920-UF6-Pe1-Solucio/db/sucursals.odb' is opened by 14370@pc-casa

[2020-04-20 14:06:33 #11 store] 
Configuration path: ?

[2020-04-20 14:07:05 #12 store] 
Database '/opt/dades/alex/workspace_java/201920-UF6-Pe1-Solucio/db/sucursals.odb' is closed by 14370@pc-casa

------------------------------------------------------------------------------------------------------------------------

[2020-04-20 14:09:04 #1 store] 
Database '/opt/dades/alex/workspace_java/201920-UF6-Pe1-Solucio/db/sucursals.odb' is opened by 14592@pc-casa

[2020-04-20 14:09:04 #2 store] 
Configuration path: ?

[2020-04-20 14:09:20 #3 store] 
Database '/opt/dades/alex/workspace_java/201920-UF6-Pe1-Solucio/db/sucursals.odb' is closed by 14592@pc-casa

[2020-04-20 14:09:20 #4 store] 
Database '/opt/dades/alex/workspace_java/201920-UF6-Pe1-Solucio/db/sucursals.odb' is opened by 14592@pc-casa

[2020-04-20 14:09:20 #5 store] 
Configuration path: ?

[2020-04-20 14:09:37 #6 store] 
Database '/opt/dades/alex/workspace_java/201920-UF6-Pe1-Solucio/db/sucursals.odb' is closed by 14592@pc-casa

